<?xml version="1.0" encoding="UTF-8"?>
<testsuite name="DogModelTest" tests="1" skipped="0" failures="0" errors="0" timestamp="2022-03-22T20:34:54" hostname="MacBook-Pro" time="0.019">
  <properties/>
  <testcase name="shouldReturnDouble()" classname="DogModelTest" time="0.019"/>
  <system-out><![CDATA[]]></system-out>
  <system-err><![CDATA[]]></system-err>
</testsuite>
